c:\users\eduar\documents\cuatri 8\edtwin32\debug\vc142.pdb
c:\users\eduar\documents\cuatri 8\edtwin32\debug\vc142.idb
c:\users\eduar\documents\cuatri 8\edtwin32\debug\edtwin32.obj
c:\users\eduar\documents\cuatri 8\edtwin32\debug\edtwin32.exe
c:\users\eduar\documents\cuatri 8\edtwin32\debug\edtwin32.ilk
c:\users\eduar\documents\cuatri 8\edtwin32\debug\edtwin32.pdb
c:\users\eduar\documents\cuatri 8\edtwin32\debug\edtwin32.res
c:\users\eduar\documents\github\ci\edtwin32\debug\edtwin32.obj
c:\users\eduar\documents\github\ci\edtwin32\debug\y.tab.obj
c:\users\eduar\documents\github\ci\edtwin32\debug\edtwin32.obj.enc
c:\users\eduar\documents\github\ci\edtwin32\debug\edtwin32.ilk
c:\users\eduar\documents\github\ci\edtwin32\debug\edtwin32.res
c:\users\eduar\documents\github\ci\edtwin32\debug\vc142.idb
c:\users\eduar\documents\github\ci\edtwin32\debug\edtwin32.pdb
c:\users\eduar\documents\github\ci\edtwin32\debug\vc142.pdb
c:\users\eduar\documents\github\ci\edtwin32\debug\edtwin32.tlog\cl.command.1.tlog
c:\users\eduar\documents\github\ci\edtwin32\debug\edtwin32.tlog\cl.read.1.tlog
c:\users\eduar\documents\github\ci\edtwin32\debug\edtwin32.tlog\cl.write.1.tlog
c:\users\eduar\documents\github\ci\edtwin32\debug\edtwin32.tlog\link.command.1.tlog
c:\users\eduar\documents\github\ci\edtwin32\debug\edtwin32.tlog\link.read.1.tlog
c:\users\eduar\documents\github\ci\edtwin32\debug\edtwin32.tlog\link.write.1.tlog
c:\users\eduar\documents\github\ci\edtwin32\debug\edtwin32.tlog\rc.command.1.tlog
c:\users\eduar\documents\github\ci\edtwin32\debug\edtwin32.tlog\rc.read.1.tlog
c:\users\eduar\documents\github\ci\edtwin32\debug\edtwin32.tlog\rc.write.1.tlog
